<?xml version="1.0" encoding="UTF-8"?>
<!-- Generated by org.testng.reporters.JUnitReportReporter -->
<testsuite hostname="ITEM-S24524" name="com.soprasteria.evolansante.test.StartUp" tests="1" failures="0" timestamp="21 Dec 2017 12:38:02 GMT" time="62.876" errors="0">
  <testcase name="test" time="62.876" classname="com.soprasteria.evolansante.test.StartUp"/>
</testsuite> <!-- com.soprasteria.evolansante.test.StartUp -->
